Release Log for cloudmesh-ai-commander version 7.1.0
Started at: 2026-05-07T14:35:14.376877
----------------------------------------
[2026-05-07 14:35:14] DEBUG: Executing: git describe --tags --abbrev=0
STDERR:
fatal: No names found, cannot describe anything.

[2026-05-07 14:35:14] DEBUG: Generating changelog for HEAD...
[2026-05-07 14:35:14] DEBUG: Executing: git log HEAD --oneline --no-merges
STDOUT:
60d83c4 7.1.0.dev1
328ae4a update multiuser doc
25a5dcb update readme for multiuser
37da836 Initial commit of cloudmesh-ai-commander

[2026-05-07 14:35:15] INFO: Creating baseline git commit...
[2026-05-07 14:35:15] DEBUG: Executing: git rev-parse HEAD
STDOUT:
60d83c4653e3fc3823c8d2118965e3852159ab37

[2026-05-07 14:35:15] DEBUG: Executing: git describe --tags --always --dirty
STDOUT:
60d83c4

[2026-05-07 14:35:15] DEBUG: Executing: git add .
